D:\VS\MSBuild\Microsoft\VC\v160\Microsoft.CppBuild.targets(499,5): warning MSB8004: El directorio Output no termina con una barra diagonal final. Esta instancia de compilación agregará la barra diagonal porque es necesaria para que se pueda evaluar correctamente el directorio Output.
  JSFGPUManager.cpp
  JSFBuffer.cpp
  Generando código...
ESAT_d.lib(draw.obj) : warning LNK4099: no se encontró PDB 'ESAT_d.pdb' con 'ESAT_d.lib(draw.obj)' o en 'D:\Patatita\EDK_workspace_projectmanhattan\bin\ESAT_d.pdb'; se vinculará el objeto sin tener en cuenta información de depuración
ESAT_d.lib(input.obj) : warning LNK4099: no se encontró PDB 'ESAT_d.pdb' con 'ESAT_d.lib(input.obj)' o en 'D:\Patatita\EDK_workspace_projectmanhattan\bin\ESAT_d.pdb'; se vinculará el objeto sin tener en cuenta información de depuración
ESAT_d.lib(math.obj) : warning LNK4099: no se encontró PDB 'ESAT_d.pdb' con 'ESAT_d.lib(math.obj)' o en 'D:\Patatita\EDK_workspace_projectmanhattan\bin\ESAT_d.pdb'; se vinculará el objeto sin tener en cuenta información de depuración
ESAT_d.lib(time.obj) : warning LNK4099: no se encontró PDB 'ESAT_d.pdb' con 'ESAT_d.lib(time.obj)' o en 'D:\Patatita\EDK_workspace_projectmanhattan\bin\ESAT_d.pdb'; se vinculará el objeto sin tener en cuenta información de depuración
ESAT_d.lib(window.obj) : warning LNK4099: no se encontró PDB 'ESAT_d.pdb' con 'ESAT_d.lib(window.obj)' o en 'D:\Patatita\EDK_workspace_projectmanhattan\bin\ESAT_d.pdb'; se vinculará el objeto sin tener en cuenta información de depuración
ESAT_d.lib(edk_camera.obj) : warning LNK4099: no se encontró PDB 'ESAT_d.pdb' con 'ESAT_d.lib(edk_camera.obj)' o en 'D:\Patatita\EDK_workspace_projectmanhattan\bin\ESAT_d.pdb'; se vinculará el objeto sin tener en cuenta información de depuración
ESAT_d.lib(edk_drawable.obj) : warning LNK4099: no se encontró PDB 'ESAT_d.pdb' con 'ESAT_d.lib(edk_drawable.obj)' o en 'D:\Patatita\EDK_workspace_projectmanhattan\bin\ESAT_d.pdb'; se vinculará el objeto sin tener en cuenta información de depuración
ESAT_d.lib(edk_geometry.obj) : warning LNK4099: no se encontró PDB 'ESAT_d.pdb' con 'ESAT_d.lib(edk_geometry.obj)' o en 'D:\Patatita\EDK_workspace_projectmanhattan\bin\ESAT_d.pdb'; se vinculará el objeto sin tener en cuenta información de depuración
ESAT_d.lib(edk_gpumanager.obj) : warning LNK4099: no se encontró PDB 'ESAT_d.pdb' con 'ESAT_d.lib(edk_gpumanager.obj)' o en 'D:\Patatita\EDK_workspace_projectmanhattan\bin\ESAT_d.pdb'; se vinculará el objeto sin tener en cuenta información de depuración
ESAT_d.lib(edk_gpuresources.obj) : warning LNK4099: no se encontró PDB 'ESAT_d.pdb' con 'ESAT_d.lib(edk_gpuresources.obj)' o en 'D:\Patatita\EDK_workspace_projectmanhattan\bin\ESAT_d.pdb'; se vinculará el objeto sin tener en cuenta información de depuración
ESAT_d.lib(edk_matdiffusetexture.obj) : warning LNK4099: no se encontró PDB 'ESAT_d.pdb' con 'ESAT_d.lib(edk_matdiffusetexture.obj)' o en 'D:\Patatita\EDK_workspace_projectmanhattan\bin\ESAT_d.pdb'; se vinculará el objeto sin tener en cuenta información de depuración
ESAT_d.lib(edk_material.obj) : warning LNK4099: no se encontró PDB 'ESAT_d.pdb' con 'ESAT_d.lib(edk_material.obj)' o en 'D:\Patatita\EDK_workspace_projectmanhattan\bin\ESAT_d.pdb'; se vinculará el objeto sin tener en cuenta información de depuración
ESAT_d.lib(edk_node.obj) : warning LNK4099: no se encontró PDB 'ESAT_d.pdb' con 'ESAT_d.lib(edk_node.obj)' o en 'D:\Patatita\EDK_workspace_projectmanhattan\bin\ESAT_d.pdb'; se vinculará el objeto sin tener en cuenta información de depuración
ESAT_d.lib(edk_rendertarget.obj) : warning LNK4099: no se encontró PDB 'ESAT_d.pdb' con 'ESAT_d.lib(edk_rendertarget.obj)' o en 'D:\Patatita\EDK_workspace_projectmanhattan\bin\ESAT_d.pdb'; se vinculará el objeto sin tener en cuenta información de depuración
ESAT_d.lib(nanovg.obj) : warning LNK4099: no se encontró PDB 'ESAT_d.pdb' con 'ESAT_d.lib(nanovg.obj)' o en 'D:\Patatita\EDK_workspace_projectmanhattan\bin\ESAT_d.pdb'; se vinculará el objeto sin tener en cuenta información de depuración
ESAT_d.lib(glew.obj) : warning LNK4099: no se encontró PDB 'ESAT_d.pdb' con 'ESAT_d.lib(glew.obj)' o en 'D:\Patatita\EDK_workspace_projectmanhattan\bin\ESAT_d.pdb'; se vinculará el objeto sin tener en cuenta información de depuración
ESAT_d.lib(context.obj) : warning LNK4099: no se encontró PDB 'ESAT_d.pdb' con 'ESAT_d.lib(context.obj)' o en 'D:\Patatita\EDK_workspace_projectmanhattan\bin\ESAT_d.pdb'; se vinculará el objeto sin tener en cuenta información de depuración
ESAT_d.lib(init.obj) : warning LNK4099: no se encontró PDB 'ESAT_d.pdb' con 'ESAT_d.lib(init.obj)' o en 'D:\Patatita\EDK_workspace_projectmanhattan\bin\ESAT_d.pdb'; se vinculará el objeto sin tener en cuenta información de depuración
ESAT_d.lib(input.obj) : warning LNK4099: no se encontró PDB 'ESAT_d.pdb' con 'ESAT_d.lib(input.obj)' o en 'D:\Patatita\EDK_workspace_projectmanhattan\bin\ESAT_d.pdb'; se vinculará el objeto sin tener en cuenta información de depuración
ESAT_d.lib(monitor.obj) : warning LNK4099: no se encontró PDB 'ESAT_d.pdb' con 'ESAT_d.lib(monitor.obj)' o en 'D:\Patatita\EDK_workspace_projectmanhattan\bin\ESAT_d.pdb'; se vinculará el objeto sin tener en cuenta información de depuración
ESAT_d.lib(window.obj) : warning LNK4099: no se encontró PDB 'ESAT_d.pdb' con 'ESAT_d.lib(window.obj)' o en 'D:\Patatita\EDK_workspace_projectmanhattan\bin\ESAT_d.pdb'; se vinculará el objeto sin tener en cuenta información de depuración
ESAT_d.lib(win32_init.obj) : warning LNK4099: no se encontró PDB 'ESAT_d.pdb' con 'ESAT_d.lib(win32_init.obj)' o en 'D:\Patatita\EDK_workspace_projectmanhattan\bin\ESAT_d.pdb'; se vinculará el objeto sin tener en cuenta información de depuración
ESAT_d.lib(win32_monitor.obj) : warning LNK4099: no se encontró PDB 'ESAT_d.pdb' con 'ESAT_d.lib(win32_monitor.obj)' o en 'D:\Patatita\EDK_workspace_projectmanhattan\bin\ESAT_d.pdb'; se vinculará el objeto sin tener en cuenta información de depuración
ESAT_d.lib(win32_time.obj) : warning LNK4099: no se encontró PDB 'ESAT_d.pdb' con 'ESAT_d.lib(win32_time.obj)' o en 'D:\Patatita\EDK_workspace_projectmanhattan\bin\ESAT_d.pdb'; se vinculará el objeto sin tener en cuenta información de depuración
ESAT_d.lib(win32_tls.obj) : warning LNK4099: no se encontró PDB 'ESAT_d.pdb' con 'ESAT_d.lib(win32_tls.obj)' o en 'D:\Patatita\EDK_workspace_projectmanhattan\bin\ESAT_d.pdb'; se vinculará el objeto sin tener en cuenta información de depuración
ESAT_d.lib(win32_window.obj) : warning LNK4099: no se encontró PDB 'ESAT_d.pdb' con 'ESAT_d.lib(win32_window.obj)' o en 'D:\Patatita\EDK_workspace_projectmanhattan\bin\ESAT_d.pdb'; se vinculará el objeto sin tener en cuenta información de depuración
ESAT_d.lib(wgl_context.obj) : warning LNK4099: no se encontró PDB 'ESAT_d.pdb' con 'ESAT_d.lib(wgl_context.obj)' o en 'D:\Patatita\EDK_workspace_projectmanhattan\bin\ESAT_d.pdb'; se vinculará el objeto sin tener en cuenta información de depuración
ESAT_d.lib(winmm_joystick.obj) : warning LNK4099: no se encontró PDB 'ESAT_d.pdb' con 'ESAT_d.lib(winmm_joystick.obj)' o en 'D:\Patatita\EDK_workspace_projectmanhattan\bin\ESAT_d.pdb'; se vinculará el objeto sin tener en cuenta información de depuración
ESAT_extra_d.lib(imgui.obj) : warning LNK4099: no se encontró PDB 'ESAT_extra_d.pdb' con 'ESAT_extra_d.lib(imgui.obj)' o en 'D:\Patatita\EDK_workspace_projectmanhattan\bin\ESAT_extra_d.pdb'; se vinculará el objeto sin tener en cuenta información de depuración
ESAT_extra_d.lib(imgui.obj) : warning LNK4099: no se encontró PDB 'ESAT_extra_d.pdb' con 'ESAT_extra_d.lib(imgui.obj)' o en 'D:\Patatita\EDK_workspace_projectmanhattan\bin\ESAT_extra_d.pdb'; se vinculará el objeto sin tener en cuenta información de depuración
ESAT_extra_d.lib(imgui_draw.obj) : warning LNK4099: no se encontró PDB 'ESAT_extra_d.pdb' con 'ESAT_extra_d.lib(imgui_draw.obj)' o en 'D:\Patatita\EDK_workspace_projectmanhattan\bin\ESAT_extra_d.pdb'; se vinculará el objeto sin tener en cuenta información de depuración
  EDK_workspace.vcxproj -> D:\Patatita\EDK_workspace_projectmanhattan\bin\EDK_workspace.exe
