d:\esat\segundo\segundocuatri\gráfica\edk_workspace_equalizer\project\vs2017\edk_workspace\debug\vc142.pdb
d:\esat\segundo\segundocuatri\gráfica\edk_workspace_equalizer\project\vs2017\edk_workspace\debug\vc142.idb
d:\esat\segundo\segundocuatri\gráfica\edk_workspace_equalizer\project\vs2017\edk_workspace\debug\gamestate.obj
d:\esat\segundo\segundocuatri\gráfica\edk_workspace_equalizer\project\vs2017\edk_workspace\debug\visual_equalizer_main.obj
d:\esat\segundo\segundocuatri\gráfica\edk_workspace_equalizer\project\vs2017\edk_workspace\debug\planebackground.obj
d:\esat\segundo\segundocuatri\gráfica\edk_workspace_equalizer\project\vs2017\edk_workspace\debug\matcustom_jsf.obj
d:\esat\segundo\segundocuatri\gráfica\edk_workspace_equalizer\project\vs2017\edk_workspace\debug\matcustomjsf.obj
d:\esat\segundo\segundocuatri\gráfica\edk_workspace_equalizer\project\vs2017\edk_workspace\debug\jgeometry.obj
d:\esat\segundo\segundocuatri\gráfica\edk_workspace_equalizer\project\vs2017\edk_workspace\debug\jcircle.obj
d:\esat\segundo\segundocuatri\gráfica\edk_workspace_equalizer\project\vs2017\edk_workspace\debug\fpcamera.obj
d:\esat\segundo\segundocuatri\gráfica\edk_workspace_equalizer\project\vs2017\edk_workspace\debug\vector_4.obj
d:\esat\segundo\segundocuatri\gráfica\edk_workspace_equalizer\project\vs2017\edk_workspace\debug\vector_3.obj
d:\esat\segundo\segundocuatri\gráfica\edk_workspace_equalizer\project\vs2017\edk_workspace\debug\vector_2.obj
d:\esat\segundo\segundocuatri\gráfica\edk_workspace_equalizer\project\vs2017\edk_workspace\debug\matrix_3.obj
d:\esat\segundo\segundocuatri\gráfica\edk_workspace_equalizer\project\vs2017\edk_workspace\debug\effectcreator.obj
d:\esat\segundo\segundocuatri\gráfica\edk_workspace_equalizer\project\vs2017\edk_workspace\debug\jcylinder.obj
d:\esat\segundo\segundocuatri\gráfica\edk_workspace_equalizer\bin\edk_workspace.exe
d:\esat\segundo\segundocuatri\gráfica\edk_workspace_equalizer\bin\edk_workspace.ilk
d:\esat\segundo\segundocuatri\gráfica\edk_workspace_equalizer\bin\edk_workspace.pdb
d:\esat\segundo\segundocuatri\gráfica\edk_workspace_equalizer\project\vs2017\edk_workspace\debug\edk_workspace.res
d:\esat\segundo\segundocuatri\gráfica\edk_workspace_equalizer\project\vs2017\edk_workspace\debug\fpcamera.obj.enc
d:\esat\segundo\segundocuatri\gráfica\edk_workspace_equalizer\project\vs2017\edk_workspace\debug\matcustom_jsf.obj.enc
d:\esat\segundo\segundocuatri\gráfica\edk_workspace_equalizer\project\vs2017\edk_workspace\debug\edk_workspace.tlog\cl.command.1.tlog
d:\esat\segundo\segundocuatri\gráfica\edk_workspace_equalizer\project\vs2017\edk_workspace\debug\edk_workspace.tlog\cl.read.1.tlog
d:\esat\segundo\segundocuatri\gráfica\edk_workspace_equalizer\project\vs2017\edk_workspace\debug\edk_workspace.tlog\cl.write.1.tlog
d:\esat\segundo\segundocuatri\gráfica\edk_workspace_equalizer\project\vs2017\edk_workspace\debug\edk_workspace.tlog\link.15568-cvtres.read.1.tlog
d:\esat\segundo\segundocuatri\gráfica\edk_workspace_equalizer\project\vs2017\edk_workspace\debug\edk_workspace.tlog\link.15568-cvtres.write.1.tlog
d:\esat\segundo\segundocuatri\gráfica\edk_workspace_equalizer\project\vs2017\edk_workspace\debug\edk_workspace.tlog\link.15568-rc.read.1.tlog
d:\esat\segundo\segundocuatri\gráfica\edk_workspace_equalizer\project\vs2017\edk_workspace\debug\edk_workspace.tlog\link.15568-rc.write.1.tlog
d:\esat\segundo\segundocuatri\gráfica\edk_workspace_equalizer\project\vs2017\edk_workspace\debug\edk_workspace.tlog\link.15568.read.1.tlog
d:\esat\segundo\segundocuatri\gráfica\edk_workspace_equalizer\project\vs2017\edk_workspace\debug\edk_workspace.tlog\link.15568.write.1.tlog
d:\esat\segundo\segundocuatri\gráfica\edk_workspace_equalizer\project\vs2017\edk_workspace\debug\edk_workspace.tlog\link.command.1.tlog
d:\esat\segundo\segundocuatri\gráfica\edk_workspace_equalizer\project\vs2017\edk_workspace\debug\edk_workspace.tlog\link.read.1.tlog
d:\esat\segundo\segundocuatri\gráfica\edk_workspace_equalizer\project\vs2017\edk_workspace\debug\edk_workspace.tlog\link.write.1.tlog
d:\esat\segundo\segundocuatri\gráfica\edk_workspace_equalizer\project\vs2017\edk_workspace\debug\edk_workspace.tlog\rc.command.1.tlog
d:\esat\segundo\segundocuatri\gráfica\edk_workspace_equalizer\project\vs2017\edk_workspace\debug\edk_workspace.tlog\rc.read.1.tlog
d:\esat\segundo\segundocuatri\gráfica\edk_workspace_equalizer\project\vs2017\edk_workspace\debug\edk_workspace.tlog\rc.write.1.tlog
